# JRE version: OpenJDK Runtime Environment (11.0.10) (build 11.0.10+0-b96-7249189)
# Java VM: OpenJDK 64-Bit Server VM (11.0.10+0-b96-7249189, mixed mode, tiered, compressed oops, g1 gc, windows-amd64)
Heap:
 garbage-first heap   total 227328K, used 85006K [0x0000000080000000, 0x0000000100000000)
  region size 1024K, 16 young (16384K), 5 survivors (5120K)
 Metaspace       used 59568K, capacity 61236K, committed 61476K, reserved 1103872K
  class space    used 7572K, capacity 8126K, committed 8156K, reserved 1048576K
GC Heap History (14 events):
Event: 0.566 GC heap before
{Heap before GC invocations=0 (full 0):
 garbage-first heap   total 227328K, used 29696K [0x0000000080000000, 0x0000000100000000)
  region size 1024K, 24 young (24576K), 0 survivors (0K)
 Metaspace       used 10161K, capacity 10403K, committed 10624K, reserved 1058816K
  class space    used 1058K, capacity 1106K, committed 1152K, reserved 1048576K
}
Event: 0.570 GC heap after
{Heap after GC invocations=1 (full 0):
 garbage-first heap   total 227328K, used 9179K [0x0000000080000000, 0x0000000100000000)
  region size 1024K, 3 young (3072K), 3 survivors (3072K)
 Metaspace       used 10161K, capacity 10403K, committed 10624K, reserved 1058816K
  class space    used 1058K, capacity 1106K, committed 1152K, reserved 1048576K
}
Event: 2.218 GC heap before
{Heap before GC invocations=1 (full 0):
 garbage-first heap   total 227328K, used 105435K [0x0000000080000000, 0x0000000100000000)
  region size 1024K, 98 young (100352K), 3 survivors (3072K)
 Metaspace       used 20570K, capacity 21135K, committed 21296K, reserved 1069056K
  class space    used 2508K, capacity 2669K, committed 2688K, reserved 1048576K
}
Event: 2.226 GC heap after
{Heap after GC invocations=2 (full 0):
 garbage-first heap   total 227328K, used 16490K [0x0000000080000000, 0x0000000100000000)
  region size 1024K, 11 young (11264K), 11 survivors (11264K)
 Metaspace       used 20570K, capacity 21135K, committed 21296K, reserved 1069056K
  class space    used 2508K, capacity 2669K, committed 2688K, reserved 1048576K
}
Event: 2.769 GC heap before
{Heap before GC invocations=3 (full 0):
 garbage-first heap   total 227328K, used 84074K [0x0000000080000000, 0x0000000100000000)
  region size 1024K, 68 young (69632K), 11 survivors (11264K)
 Metaspace       used 26295K, capacity 27075K, committed 27184K, reserved 1073152K
  class space    used 3446K, capacity 3701K, committed 3712K, reserved 1048576K
}
Event: 2.777 GC heap after
{Heap after GC invocations=4 (full 0):
 garbage-first heap   total 227328K, used 31470K [0x0000000080000000, 0x0000000100000000)
  region size 1024K, 5 young (5120K), 5 survivors (5120K)
 Metaspace       used 26295K, capacity 27075K, committed 27184K, reserved 1073152K
  class space    used 3446K, capacity 3701K, committed 3712K, reserved 1048576K
}
Event: 3.427 GC heap before
{Heap before GC invocations=4 (full 0):
 garbage-first heap   total 227328K, used 90862K [0x0000000080000000, 0x0000000100000000)
  region size 1024K, 64 young (65536K), 5 survivors (5120K)
 Metaspace       used 34596K, capacity 35479K, committed 35708K, reserved 1081344K
  class space    used 4500K, capacity 4835K, committed 4864K, reserved 1048576K
}
Event: 3.437 GC heap after
{Heap after GC invocations=5 (full 0):
 garbage-first heap   total 227328K, used 35038K [0x0000000080000000, 0x0000000100000000)
  region size 1024K, 9 young (9216K), 9 survivors (9216K)
 Metaspace       used 34596K, capacity 35479K, committed 35708K, reserved 1081344K
  class space    used 4500K, capacity 4835K, committed 4864K, reserved 1048576K
}
Event: 4.497 GC heap before
{Heap before GC invocations=6 (full 0):
 garbage-first heap   total 227328K, used 154846K [0x0000000080000000, 0x0000000100000000)
  region size 1024K, 114 young (116736K), 9 survivors (9216K)
 Metaspace       used 44401K, capacity 45669K, committed 45896K, reserved 1089536K
  class space    used 5590K, capacity 6047K, committed 6144K, reserved 1048576K
}
Event: 4.506 GC heap after
{Heap after GC invocations=7 (full 0):
 garbage-first heap   total 227328K, used 51816K [0x0000000080000000, 0x0000000100000000)
  region size 1024K, 13 young (13312K), 13 survivors (13312K)
 Metaspace       used 44401K, capacity 45669K, committed 45896K, reserved 1089536K
  class space    used 5590K, capacity 6047K, committed 6144K, reserved 1048576K
}
Event: 5.696 GC heap before
{Heap before GC invocations=7 (full 0):
 garbage-first heap   total 227328K, used 168552K [0x0000000080000000, 0x0000000100000000)
  region size 1024K, 121 young (123904K), 13 survivors (13312K)
 Metaspace       used 49787K, capacity 51302K, committed 51528K, reserved 1093632K
  class space    used 6374K, capacity 6869K, committed 6912K, reserved 1048576K
}
Event: 5.706 GC heap after
{Heap after GC invocations=8 (full 0):
 garbage-first heap   total 227328K, used 68687K [0x0000000080000000, 0x0000000100000000)
  region size 1024K, 11 young (11264K), 11 survivors (11264K)
 Metaspace       used 49787K, capacity 51302K, committed 51528K, reserved 1093632K
  class space    used 6374K, capacity 6869K, committed 6912K, reserved 1048576K
}
Event: 6.504 GC heap before
{Heap before GC invocations=8 (full 0):
 garbage-first heap   total 227328K, used 135247K [0x0000000080000000, 0x0000000100000000)
  region size 1024K, 75 young (76800K), 11 survivors (11264K)
 Metaspace       used 58310K, capacity 59967K, committed 60068K, reserved 1101824K
  class space    used 7372K, capacity 7963K, committed 8028K, reserved 1048576K
}
Event: 6.516 GC heap after
{Heap after GC invocations=9 (full 0):
 garbage-first heap   total 227328K, used 74766K [0x0000000080000000, 0x0000000100000000)
  region size 1024K, 5 young (5120K), 5 survivors (5120K)
 Metaspace       used 58310K, capacity 59967K, committed 60068K, reserved 1101824K
  class space    used 7372K, capacity 7963K, committed 8028K, reserved 1048576K
}

