# JRE version: OpenJDK Runtime Environment (11.0.10) (build 11.0.10+0-b96-7249189)
# Java VM: OpenJDK 64-Bit Server VM (11.0.10+0-b96-7249189, mixed mode, tiered, compressed oops, g1 gc, windows-amd64)
Heap:
 garbage-first heap   total 227328K, used 123270K [0x0000000080000000, 0x0000000100000000)
  region size 1024K, 68 young (69632K), 16 survivors (16384K)
 Metaspace       used 54746K, capacity 56321K, committed 56576K, reserved 1101824K
  class space    used 7073K, capacity 7601K, committed 7680K, reserved 1048576K
GC Heap History (12 events):
Event: 0.566 GC heap before
{Heap before GC invocations=0 (full 0):
 garbage-first heap   total 227328K, used 29696K [0x0000000080000000, 0x0000000100000000)
  region size 1024K, 24 young (24576K), 0 survivors (0K)
 Metaspace       used 10138K, capacity 10403K, committed 10624K, reserved 1058816K
  class space    used 1059K, capacity 1106K, committed 1152K, reserved 1048576K
}
Event: 0.570 GC heap after
{Heap after GC invocations=1 (full 0):
 garbage-first heap   total 227328K, used 9461K [0x0000000080000000, 0x0000000100000000)
  region size 1024K, 3 young (3072K), 3 survivors (3072K)
 Metaspace       used 10138K, capacity 10403K, committed 10624K, reserved 1058816K
  class space    used 1059K, capacity 1106K, committed 1152K, reserved 1048576K
}
Event: 2.265 GC heap before
{Heap before GC invocations=1 (full 0):
 garbage-first heap   total 227328K, used 105717K [0x0000000080000000, 0x0000000100000000)
  region size 1024K, 98 young (100352K), 3 survivors (3072K)
 Metaspace       used 20561K, capacity 21135K, committed 21248K, reserved 1067008K
  class space    used 2512K, capacity 2733K, committed 2816K, reserved 1048576K
}
Event: 2.272 GC heap after
{Heap after GC invocations=2 (full 0):
 garbage-first heap   total 227328K, used 16854K [0x0000000080000000, 0x0000000100000000)
  region size 1024K, 11 young (11264K), 11 survivors (11264K)
 Metaspace       used 20561K, capacity 21135K, committed 21248K, reserved 1067008K
  class space    used 2512K, capacity 2733K, committed 2816K, reserved 1048576K
}
Event: 2.523 GC heap before
{Heap before GC invocations=3 (full 0):
 garbage-first heap   total 227328K, used 43478K [0x0000000080000000, 0x0000000100000000)
  region size 1024K, 38 young (38912K), 11 survivors (11264K)
 Metaspace       used 23450K, capacity 24093K, committed 24192K, reserved 1071104K
  class space    used 2976K, capacity 3169K, committed 3200K, reserved 1048576K
}
Event: 2.528 GC heap after
{Heap after GC invocations=4 (full 0):
 garbage-first heap   total 227328K, used 17562K [0x0000000080000000, 0x0000000100000000)
  region size 1024K, 2 young (2048K), 2 survivors (2048K)
 Metaspace       used 23450K, capacity 24093K, committed 24192K, reserved 1071104K
  class space    used 2976K, capacity 3169K, committed 3200K, reserved 1048576K
}
Event: 3.634 GC heap before
{Heap before GC invocations=4 (full 0):
 garbage-first heap   total 227328K, used 119962K [0x0000000080000000, 0x0000000100000000)
  region size 1024K, 93 young (95232K), 2 survivors (2048K)
 Metaspace       used 34875K, capacity 35755K, committed 35840K, reserved 1081344K
  class space    used 4572K, capacity 4927K, committed 4992K, reserved 1048576K
}
Event: 3.644 GC heap after
{Heap after GC invocations=5 (full 0):
 garbage-first heap   total 227328K, used 34856K [0x0000000080000000, 0x0000000100000000)
  region size 1024K, 8 young (8192K), 8 survivors (8192K)
 Metaspace       used 34875K, capacity 35755K, committed 35840K, reserved 1081344K
  class space    used 4572K, capacity 4927K, committed 4992K, reserved 1048576K
}
Event: 4.831 GC heap before
{Heap before GC invocations=6 (full 0):
 garbage-first heap   total 227328K, used 156712K [0x0000000080000000, 0x0000000100000000)
  region size 1024K, 116 young (118784K), 8 survivors (8192K)
 Metaspace       used 44394K, capacity 45668K, committed 45824K, reserved 1089536K
  class space    used 5585K, capacity 6047K, committed 6144K, reserved 1048576K
}
Event: 4.841 GC heap after
{Heap after GC invocations=7 (full 0):
 garbage-first heap   total 227328K, used 51914K [0x0000000080000000, 0x0000000100000000)
  region size 1024K, 15 young (15360K), 15 survivors (15360K)
 Metaspace       used 44394K, capacity 45668K, committed 45824K, reserved 1089536K
  class space    used 5585K, capacity 6047K, committed 6144K, reserved 1048576K
}
Event: 6.185 GC heap before
{Heap before GC invocations=7 (full 0):
 garbage-first heap   total 227328K, used 168650K [0x0000000080000000, 0x0000000100000000)
  region size 1024K, 124 young (126976K), 15 survivors (15360K)
 Metaspace       used 49833K, capacity 51359K, committed 51456K, reserved 1093632K
  class space    used 6369K, capacity 6867K, committed 6912K, reserved 1048576K
}
Event: 6.198 GC heap after
{Heap after GC invocations=8 (full 0):
 garbage-first heap   total 227328K, used 68998K [0x0000000080000000, 0x0000000100000000)
  region size 1024K, 16 young (16384K), 16 survivors (16384K)
 Metaspace       used 49833K, capacity 51359K, committed 51456K, reserved 1093632K
  class space    used 6369K, capacity 6867K, committed 6912K, reserved 1048576K
}

