# JRE version: OpenJDK Runtime Environment (11.0.10) (build 11.0.10+0-b96-7249189)
# Java VM: OpenJDK 64-Bit Server VM (11.0.10+0-b96-7249189, mixed mode, tiered, compressed oops, g1 gc, windows-amd64)
Heap:
 garbage-first heap   total 227328K, used 56099K [0x0000000080000000, 0x0000000100000000)
  region size 1024K, 30 young (30720K), 6 survivors (6144K)
 Metaspace       used 28374K, capacity 29250K, committed 29568K, reserved 1075200K
  class space    used 3780K, capacity 4100K, committed 4224K, reserved 1048576K
GC Heap History (6 events):
Event: 0.650 GC heap before
{Heap before GC invocations=0 (full 0):
 garbage-first heap   total 227328K, used 29696K [0x0000000080000000, 0x0000000100000000)
  region size 1024K, 24 young (24576K), 0 survivors (0K)
 Metaspace       used 10151K, capacity 10403K, committed 10624K, reserved 1058816K
  class space    used 1059K, capacity 1106K, committed 1152K, reserved 1048576K
}
Event: 0.654 GC heap after
{Heap after GC invocations=1 (full 0):
 garbage-first heap   total 227328K, used 9203K [0x0000000080000000, 0x0000000100000000)
  region size 1024K, 3 young (3072K), 3 survivors (3072K)
 Metaspace       used 10151K, capacity 10403K, committed 10624K, reserved 1058816K
  class space    used 1059K, capacity 1106K, committed 1152K, reserved 1048576K
}
Event: 2.390 GC heap before
{Heap before GC invocations=1 (full 0):
 garbage-first heap   total 227328K, used 105459K [0x0000000080000000, 0x0000000100000000)
  region size 1024K, 98 young (100352K), 3 survivors (3072K)
 Metaspace       used 20583K, capacity 21135K, committed 21248K, reserved 1067008K
  class space    used 2512K, capacity 2733K, committed 2816K, reserved 1048576K
}
Event: 2.397 GC heap after
{Heap after GC invocations=2 (full 0):
 garbage-first heap   total 227328K, used 17003K [0x0000000080000000, 0x0000000100000000)
  region size 1024K, 11 young (11264K), 11 survivors (11264K)
 Metaspace       used 20583K, capacity 21135K, committed 21248K, reserved 1067008K
  class space    used 2512K, capacity 2733K, committed 2816K, reserved 1048576K
}
Event: 2.991 GC heap before
{Heap before GC invocations=3 (full 0):
 garbage-first heap   total 227328K, used 85611K [0x0000000080000000, 0x0000000100000000)
  region size 1024K, 69 young (70656K), 11 survivors (11264K)
 Metaspace       used 26349K, capacity 27081K, committed 27264K, reserved 1073152K
  class space    used 3455K, capacity 3702K, committed 3712K, reserved 1048576K
}
Event: 3.002 GC heap after
{Heap after GC invocations=4 (full 0):
 garbage-first heap   total 227328K, used 32547K [0x0000000080000000, 0x0000000100000000)
  region size 1024K, 6 young (6144K), 6 survivors (6144K)
 Metaspace       used 26349K, capacity 27081K, committed 27264K, reserved 1073152K
  class space    used 3455K, capacity 3702K, committed 3712K, reserved 1048576K
}

